<?xml version="1.0" encoding="UTF-8"?>
<!-- Generated by org.testng.reporters.JUnitReportReporter -->
<testsuite hostname="BANL11915844b.local" name="testngex.CCBank_VerifyNewUserButton" tests="2" failures="0" timestamp="3 Sep 2015 22:14:41 GMT" time="0.061" errors="0">
  <testcase name="testCCBank_VerifyNewUserButtonExists" time="0.048" classname="testngex.CCBank_VerifyNewUserButton"/>
  <testcase name="testCCBank_VerifyNewUserButtonText" time="0.013" classname="testngex.CCBank_VerifyNewUserButton"/>
</testsuite> <!-- testngex.CCBank_VerifyNewUserButton -->
