<?xml version="1.0" encoding="UTF-8"?>
<!-- Generated by org.testng.reporters.JUnitReportReporter -->
<testsuite hostname="BANL11915844b.local" name="testngex.TestNGXMLEx" tests="4" failures="0" timestamp="3 Sep 2015 17:50:06 GMT" time="0.002" errors="0">
  <testcase name="testcaseChangePassword" time="0.000" classname="testngex.TestNGXMLEx"/>
  <testcase name="testcaseRegister" time="0.001" classname="testngex.TestNGXMLEx"/>
  <testcase name="testcaseLogout" time="0.000" classname="testngex.TestNGXMLEx"/>
  <testcase name="testcaseLogin" time="0.001" classname="testngex.TestNGXMLEx"/>
</testsuite> <!-- testngex.TestNGXMLEx -->
