<?xml version="1.0" encoding="UTF-8"?>
<!-- Generated by org.testng.reporters.JUnitReportReporter -->
<testsuite hostname="BANL11915844b.local" name="testngex.TestNG_WebDriverEx1" tests="3" failures="0" timestamp="3 Sep 2015 16:54:39 GMT" time="0.223" errors="0">
  <testcase name="testcaseVerifyTitle" time="0.024" classname="testngex.TestNG_WebDriverEx1"/>
  <testcase name="testcaseVerifyLoginButton" time="0.124" classname="testngex.TestNG_WebDriverEx1"/>
  <testcase name="testcaseClickLoginButton" time="0.075" classname="testngex.TestNG_WebDriverEx1"/>
</testsuite> <!-- testngex.TestNG_WebDriverEx1 -->
