<?xml version="1.0" encoding="UTF-8"?>
<!-- Generated by org.testng.reporters.JUnitReportReporter -->
<testsuite hostname="BANL11915844b.local" name="webdriver.FindElementsByTag" tests="1" failures="0" timestamp="4 Sep 2015 21:22:14 GMT" time="0.654" errors="0">
  <testcase name="findElementsByTag" time="0.654" classname="webdriver.FindElementsByTag"/>
</testsuite> <!-- webdriver.FindElementsByTag -->
