<?xml version="1.0" encoding="UTF-8"?>
<!-- Generated by org.testng.reporters.JUnitReportReporter -->
<testsuite hostname="BANL11915844b.local" name="testngex.CCBank_VerifyTitleLoginButton" tests="3" failures="0" timestamp="3 Sep 2015 22:14:41 GMT" time="0.088" errors="0">
  <testcase name="testCCBank_VerifyLoginButtonExists" time="0.062" classname="testngex.CCBank_VerifyTitleLoginButton"/>
  <testcase name="testCCBank_VerifyLoginButtonText" time="0.014" classname="testngex.CCBank_VerifyTitleLoginButton"/>
  <testcase name="testCCBank_VerifyTitle" time="0.012" classname="testngex.CCBank_VerifyTitleLoginButton"/>
</testsuite> <!-- testngex.CCBank_VerifyTitleLoginButton -->
